<?xml version="1.0" encoding="UTF-8"?>
<testng-results ignored="0" total="1" passed="1" failed="0" skipped="0">
  <reporter-output>
  </reporter-output>
  <suite started-at="2026-04-26T21:19:16 IST" name="Default suite" finished-at="2026-04-26T21:19:25 IST" duration-ms="9280">
    <groups>
    </groups>
    <test started-at="2026-04-26T21:19:16 IST" name="Default test" finished-at="2026-04-26T21:19:25 IST" duration-ms="9280">
      <class name="tests.LogoutTest">
        <test-method is-config="true" signature="setup()[pri:0, instance:tests.LogoutTest@44c03695]" started-at="2026-04-26T21:19:16 IST" name="setup" finished-at="2026-04-26T21:19:19 IST" duration-ms="3302" status="PASS">
          <reporter-output>
          </reporter-output>
        </test-method> <!-- setup -->
        <test-method signature="loginAndLogout()[pri:0, instance:tests.LogoutTest@44c03695]" started-at="2026-04-26T21:19:19 IST" name="loginAndLogout" finished-at="2026-04-26T21:19:25 IST" duration-ms="5797" status="PASS">
          <reporter-output>
          </reporter-output>
        </test-method> <!-- loginAndLogout -->
        <test-method is-config="true" signature="teardown()[pri:0, instance:tests.LogoutTest@44c03695]" started-at="2026-04-26T21:19:25 IST" name="teardown" finished-at="2026-04-26T21:19:25 IST" duration-ms="151" status="PASS">
          <reporter-output>
          </reporter-output>
        </test-method> <!-- teardown -->
      </class> <!-- tests.LogoutTest -->
    </test> <!-- Default test -->
  </suite> <!-- Default suite -->
</testng-results>
