<?xml version="1.0" encoding="UTF-8"?>
<!-- Generated by org.testng.reporters.JUnitXMLReporter -->
<testsuite ignored="0" hostname="ShannaKarthi" failures="1" tests="1" name="Category Navigation Test" time="2.733" errors="0" timestamp="2026-04-26T16:12:43 IST">
  <testcase classname="tests.CategoryNavigationTest" name="categoryNavigationTest" time="0.123">
    <failure type="java.lang.AssertionError" message="Phones not loaded expected [true] but found [false]">
      <![CDATA[java.lang.AssertionError: Phones not loaded expected [true] but found [false]
at tests.CategoryNavigationTest.categoryNavigationTest(CategoryNavigationTest.java:25)
at java.base/java.util.ArrayList.forEach(ArrayList.java:1596)
... Removed 28 stack frames]]>
    </failure>
  </testcase> <!-- categoryNavigationTest -->
</testsuite> <!-- Category Navigation Test -->
